<?xml version="1.0" encoding="UTF-8"?>
<!-- Generated by org.testng.reporters.JUnitXMLReporter -->
<testsuite ignored="2" hostname="DESKTOP-62GSMIM" failures="0" tests="5" name="Surefire test" time="67.741" errors="0" timestamp="2025-05-25T19:38:48 IST">
  <testcase classname="com.orangeHRMFramework.test.HomePageTest" name="homepage" time="9.937"/>
  <testcase classname="com.orangeHRMFramework.test.LoginPageTest" name="forgotCancel" time="1.539"/>
  <testcase classname="com.orangeHRMFramework.test.LoginPageTest" name="forgotSuccess" time="2.884"/>
  <testcase classname="com.orangeHRMFramework.test.LoginPageTest" name="invalidLoginTest" time="6.921"/>
  <testcase classname="com.orangeHRMFramework.test.LoginPageTest" name="validLoginTest" time="10.197"/>
  <testcase classname="com.orangehrm.base.BaseClass" name="@BeforeSuite loadConfig" time="0.0">
    <ignored/>
  </testcase> <!-- @BeforeSuite loadConfig -->
  <testcase classname="com.orangeHRMFramework.test.LoginPageTest" name="homePageTest" time="0.0">
    <ignored/>
  </testcase> <!-- homePageTest -->
</testsuite> <!-- Surefire test -->
