<?xml version="1.0" encoding="UTF-8"?>
<!-- Generated by org.testng.reporters.JUnitXMLReporter -->
<testsuite ignored="2" hostname="DESKTOP-62GSMIM" failures="0" tests="5" name="Surefire test" time="69.772" errors="0" timestamp="2025-05-25T17:27:40 IST">
  <testcase classname="com.orangeHRMFramework.test.HomePageTest" name="homepage" time="9.611"/>
  <testcase classname="com.orangeHRMFramework.test.LoginPageTest" name="forgotCancel" time="1.535"/>
  <testcase classname="com.orangeHRMFramework.test.LoginPageTest" name="forgotSuccess" time="2.348"/>
  <testcase classname="com.orangeHRMFramework.test.LoginPageTest" name="invalidLoginTest" time="7.034"/>
  <testcase classname="com.orangeHRMFramework.test.LoginPageTest" name="validLoginTest" time="12.918"/>
  <testcase classname="com.orangehrm.base.BaseClass" name="@BeforeSuite loadConfig" time="0.0">
    <ignored/>
  </testcase> <!-- @BeforeSuite loadConfig -->
  <testcase classname="com.orangeHRMFramework.test.LoginPageTest" name="homePageTest" time="0.0">
    <ignored/>
  </testcase> <!-- homePageTest -->
</testsuite> <!-- Surefire test -->
