<?xml version="1.0" encoding="UTF-8"?>
<!-- Generated by org.testng.reporters.JUnitXMLReporter -->
<testsuite ignored="1" hostname="DESKTOP-62GSMIM" failures="0" tests="4" name="Default test" time="49.722" errors="0" timestamp="2025-04-26T23:50:11 IST">
  <testcase classname="com.orangeHRMFramework.test.LoginPageTest" name="forgotCancel" time="1.513"/>
  <testcase classname="com.orangeHRMFramework.test.LoginPageTest" name="forgotSuccess" time="2.23"/>
  <testcase classname="com.orangeHRMFramework.test.LoginPageTest" name="invalidLoginTest" time="6.773"/>
  <testcase classname="com.orangeHRMFramework.test.LoginPageTest" name="validLoginTest" time="9.682"/>
  <testcase classname="com.orangeHRMFramework.test.LoginPageTest" name="homePageTest" time="0.0">
    <ignored/>
  </testcase> <!-- homePageTest -->
</testsuite> <!-- Default test -->
