<?xml version="1.0" encoding="UTF-8"?>
<!-- Generated by org.testng.reporters.JUnitXMLReporter -->
<testsuite ignored="2" hostname="DESKTOP-62GSMIM" failures="0" tests="5" name="OrangeHRMTest" time="52.34" errors="0" timestamp="2025-05-25T17:29:46 IST">
  <testcase classname="com.orangeHRMFramework.test.LoginPageTest" name="forgotCancel" time="1.803"/>
  <testcase classname="com.orangeHRMFramework.test.HomePageTest" name="homepage" time="9.832"/>
  <testcase classname="com.orangeHRMFramework.test.LoginPageTest" name="forgotSuccess" time="2.28"/>
  <testcase classname="com.orangeHRMFramework.test.LoginPageTest" name="invalidLoginTest" time="6.681"/>
  <testcase classname="com.orangeHRMFramework.test.LoginPageTest" name="validLoginTest" time="9.413"/>
  <testcase classname="com.orangehrm.base.BaseClass" name="@BeforeSuite loadConfig" time="0.0">
    <ignored/>
  </testcase> <!-- @BeforeSuite loadConfig -->
  <testcase classname="com.orangeHRMFramework.test.LoginPageTest" name="homePageTest" time="0.0">
    <ignored/>
  </testcase> <!-- homePageTest -->
</testsuite> <!-- OrangeHRMTest -->
