<?xml version="1.0" encoding="UTF-8"?>
<!-- Generated by org.testng.reporters.JUnitXMLReporter -->
<testsuite ignored="2" hostname="DESKTOP-62GSMIM" failures="0" tests="5" name="OrangeHRMTest" time="67.062" errors="0" timestamp="2025-05-25T15:33:08 IST">
  <testcase classname="com.orangeHRMFramework.test.LoginPageTest" name="forgotCancel" time="4.611"/>
  <testcase classname="com.orangeHRMFramework.test.HomePageTest" name="homepage" time="16.294"/>
  <testcase classname="com.orangeHRMFramework.test.LoginPageTest" name="forgotSuccess" time="7.659"/>
  <testcase classname="com.orangeHRMFramework.test.LoginPageTest" name="invalidLoginTest" time="7.262"/>
  <testcase classname="com.orangeHRMFramework.test.LoginPageTest" name="validLoginTest" time="11.036"/>
  <testcase classname="com.orangehrm.base.BaseClass" name="@BeforeSuite loadConfig" time="0.0">
    <ignored/>
  </testcase> <!-- @BeforeSuite loadConfig -->
  <testcase classname="com.orangeHRMFramework.test.LoginPageTest" name="homePageTest" time="0.0">
    <ignored/>
  </testcase> <!-- homePageTest -->
</testsuite> <!-- OrangeHRMTest -->
