<?xml version="1.0" encoding="UTF-8"?>
<testng-results ignored="0" total="5" passed="5" failed="0" skipped="0">
  <reporter-output>
  </reporter-output>
  <suite started-at="2025-05-25T17:26:31 IST" name="Surefire suite" finished-at="2025-05-25T17:27:40 IST" duration-ms="69772">
    <groups>
    </groups>
    <test started-at="2025-05-25T17:26:31 IST" name="Surefire test" finished-at="2025-05-25T17:27:40 IST" duration-ms="69772">
      <class name="com.orangeHRMFramework.test.HomePageTest">
        <test-method is-config="true" signature="loadConfig()[pri:0, instance:com.orangeHRMFramework.test.HomePageTest@6b00f608]" started-at="2025-05-25T17:26:31 IST" name="loadConfig" finished-at="2025-05-25T17:26:31 IST" duration-ms="25" status="PASS">
          <reporter-output>
          </reporter-output>
        </test-method> <!-- loadConfig -->
        <test-method is-config="true" signature="setup()[pri:0, instance:com.orangeHRMFramework.test.HomePageTest@6b00f608]" started-at="2025-05-25T17:26:31 IST" name="setup" finished-at="2025-05-25T17:26:39 IST" duration-ms="8286" status="PASS">
          <reporter-output>
          </reporter-output>
        </test-method> <!-- setup -->
        <test-method is-config="true" signature="beforeTestMethodHome()[pri:0, instance:com.orangeHRMFramework.test.HomePageTest@6b00f608]" started-at="2025-05-25T17:26:39 IST" name="beforeTestMethodHome" finished-at="2025-05-25T17:26:39 IST" duration-ms="42" status="PASS">
          <reporter-output>
          </reporter-output>
        </test-method> <!-- beforeTestMethodHome -->
        <test-method signature="homepage()[pri:0, instance:com.orangeHRMFramework.test.HomePageTest@6b00f608]" started-at="2025-05-25T17:26:39 IST" name="homepage" finished-at="2025-05-25T17:26:49 IST" duration-ms="9611" status="PASS">
          <reporter-output>
          </reporter-output>
        </test-method> <!-- homepage -->
        <test-method is-config="true" signature="tearDown()[pri:0, instance:com.orangeHRMFramework.test.HomePageTest@6b00f608]" started-at="2025-05-25T17:26:49 IST" name="tearDown" finished-at="2025-05-25T17:26:49 IST" duration-ms="232" status="PASS">
          <reporter-output>
          </reporter-output>
        </test-method> <!-- tearDown -->
      </class> <!-- com.orangeHRMFramework.test.HomePageTest -->
      <class name="com.orangeHRMFramework.test.LoginPageTest">
        <test-method is-config="true" signature="setup()[pri:0, instance:com.orangeHRMFramework.test.LoginPageTest@3724af13]" started-at="2025-05-25T17:26:49 IST" name="setup" finished-at="2025-05-25T17:26:57 IST" duration-ms="7746" status="PASS">
          <reporter-output>
          </reporter-output>
        </test-method> <!-- setup -->
        <test-method is-config="true" signature="beforeTestMethodLogin()[pri:0, instance:com.orangeHRMFramework.test.LoginPageTest@3724af13]" started-at="2025-05-25T17:26:57 IST" name="beforeTestMethodLogin" finished-at="2025-05-25T17:26:57 IST" duration-ms="8" status="PASS">
          <reporter-output>
          </reporter-output>
        </test-method> <!-- beforeTestMethodLogin -->
        <test-method signature="forgotCancel()[pri:0, instance:com.orangeHRMFramework.test.LoginPageTest@3724af13]" started-at="2025-05-25T17:26:57 IST" name="forgotCancel" finished-at="2025-05-25T17:26:58 IST" duration-ms="1535" status="PASS">
          <reporter-output>
          </reporter-output>
        </test-method> <!-- forgotCancel -->
        <test-method is-config="true" signature="tearDown()[pri:0, instance:com.orangeHRMFramework.test.LoginPageTest@3724af13]" started-at="2025-05-25T17:26:58 IST" name="tearDown" finished-at="2025-05-25T17:26:58 IST" duration-ms="178" status="PASS">
          <reporter-output>
          </reporter-output>
        </test-method> <!-- tearDown -->
        <test-method is-config="true" signature="setup()[pri:0, instance:com.orangeHRMFramework.test.LoginPageTest@3724af13]" started-at="2025-05-25T17:26:58 IST" name="setup" finished-at="2025-05-25T17:27:05 IST" duration-ms="6313" status="PASS">
          <reporter-output>
          </reporter-output>
        </test-method> <!-- setup -->
        <test-method is-config="true" signature="beforeTestMethodLogin()[pri:0, instance:com.orangeHRMFramework.test.LoginPageTest@3724af13]" started-at="2025-05-25T17:27:05 IST" name="beforeTestMethodLogin" finished-at="2025-05-25T17:27:05 IST" duration-ms="4" status="PASS">
          <reporter-output>
          </reporter-output>
        </test-method> <!-- beforeTestMethodLogin -->
        <test-method signature="forgotSuccess()[pri:0, instance:com.orangeHRMFramework.test.LoginPageTest@3724af13]" started-at="2025-05-25T17:27:05 IST" name="forgotSuccess" finished-at="2025-05-25T17:27:07 IST" duration-ms="2348" status="PASS">
          <reporter-output>
          </reporter-output>
        </test-method> <!-- forgotSuccess -->
        <test-method is-config="true" signature="tearDown()[pri:0, instance:com.orangeHRMFramework.test.LoginPageTest@3724af13]" started-at="2025-05-25T17:27:07 IST" name="tearDown" finished-at="2025-05-25T17:27:07 IST" duration-ms="171" status="PASS">
          <reporter-output>
          </reporter-output>
        </test-method> <!-- tearDown -->
        <test-method is-config="true" signature="setup()[pri:0, instance:com.orangeHRMFramework.test.LoginPageTest@3724af13]" started-at="2025-05-25T17:27:07 IST" name="setup" finished-at="2025-05-25T17:27:13 IST" duration-ms="6196" status="PASS">
          <reporter-output>
          </reporter-output>
        </test-method> <!-- setup -->
        <test-method is-config="true" signature="beforeTestMethodLogin()[pri:0, instance:com.orangeHRMFramework.test.LoginPageTest@3724af13]" started-at="2025-05-25T17:27:13 IST" name="beforeTestMethodLogin" finished-at="2025-05-25T17:27:13 IST" duration-ms="3" status="PASS">
          <reporter-output>
          </reporter-output>
        </test-method> <!-- beforeTestMethodLogin -->
        <test-method signature="invalidLoginTest()[pri:0, instance:com.orangeHRMFramework.test.LoginPageTest@3724af13]" started-at="2025-05-25T17:27:13 IST" name="invalidLoginTest" finished-at="2025-05-25T17:27:20 IST" duration-ms="7034" status="PASS">
          <reporter-output>
          </reporter-output>
        </test-method> <!-- invalidLoginTest -->
        <test-method is-config="true" signature="tearDown()[pri:0, instance:com.orangeHRMFramework.test.LoginPageTest@3724af13]" started-at="2025-05-25T17:27:20 IST" name="tearDown" finished-at="2025-05-25T17:27:21 IST" duration-ms="204" status="PASS">
          <reporter-output>
          </reporter-output>
        </test-method> <!-- tearDown -->
        <test-method is-config="true" signature="setup()[pri:0, instance:com.orangeHRMFramework.test.LoginPageTest@3724af13]" started-at="2025-05-25T17:27:21 IST" name="setup" finished-at="2025-05-25T17:27:27 IST" duration-ms="6694" status="PASS">
          <reporter-output>
          </reporter-output>
        </test-method> <!-- setup -->
        <test-method is-config="true" signature="beforeTestMethodLogin()[pri:0, instance:com.orangeHRMFramework.test.LoginPageTest@3724af13]" started-at="2025-05-25T17:27:27 IST" name="beforeTestMethodLogin" finished-at="2025-05-25T17:27:27 IST" duration-ms="2" status="PASS">
          <reporter-output>
          </reporter-output>
        </test-method> <!-- beforeTestMethodLogin -->
        <test-method signature="validLoginTest()[pri:1, instance:com.orangeHRMFramework.test.LoginPageTest@3724af13]" started-at="2025-05-25T17:27:27 IST" name="validLoginTest" finished-at="2025-05-25T17:27:40 IST" duration-ms="12918" status="PASS">
          <reporter-output>
          </reporter-output>
        </test-method> <!-- validLoginTest -->
        <test-method is-config="true" signature="tearDown()[pri:0, instance:com.orangeHRMFramework.test.LoginPageTest@3724af13]" started-at="2025-05-25T17:27:40 IST" name="tearDown" finished-at="2025-05-25T17:27:40 IST" duration-ms="189" status="PASS">
          <reporter-output>
          </reporter-output>
        </test-method> <!-- tearDown -->
      </class> <!-- com.orangeHRMFramework.test.LoginPageTest -->
    </test> <!-- Surefire test -->
  </suite> <!-- Surefire suite -->
</testng-results>
