<?xml version="1.0" encoding="UTF-8"?>
<testng-results ignored="0" total="5" passed="5" failed="0" skipped="0">
  <reporter-output>
  </reporter-output>
  <suite started-at="2025-05-25T19:37:40 IST" name="Surefire suite" finished-at="2025-05-25T19:38:48 IST" duration-ms="67741">
    <groups>
    </groups>
    <test started-at="2025-05-25T19:37:40 IST" name="Surefire test" finished-at="2025-05-25T19:38:48 IST" duration-ms="67741">
      <class name="com.orangeHRMFramework.test.HomePageTest">
        <test-method is-config="true" signature="loadConfig()[pri:0, instance:com.orangeHRMFramework.test.HomePageTest@6b00f608]" started-at="2025-05-25T19:37:40 IST" name="loadConfig" finished-at="2025-05-25T19:37:40 IST" duration-ms="27" status="PASS">
          <reporter-output>
          </reporter-output>
        </test-method> <!-- loadConfig -->
        <test-method is-config="true" signature="setup()[pri:0, instance:com.orangeHRMFramework.test.HomePageTest@6b00f608]" started-at="2025-05-25T19:37:40 IST" name="setup" finished-at="2025-05-25T19:37:49 IST" duration-ms="8743" status="PASS">
          <reporter-output>
          </reporter-output>
        </test-method> <!-- setup -->
        <test-method is-config="true" signature="beforeTestMethodHome()[pri:0, instance:com.orangeHRMFramework.test.HomePageTest@6b00f608]" started-at="2025-05-25T19:37:49 IST" name="beforeTestMethodHome" finished-at="2025-05-25T19:37:49 IST" duration-ms="32" status="PASS">
          <reporter-output>
          </reporter-output>
        </test-method> <!-- beforeTestMethodHome -->
        <test-method signature="homepage()[pri:0, instance:com.orangeHRMFramework.test.HomePageTest@6b00f608]" started-at="2025-05-25T19:37:49 IST" name="homepage" finished-at="2025-05-25T19:37:59 IST" duration-ms="9937" status="PASS">
          <reporter-output>
          </reporter-output>
        </test-method> <!-- homepage -->
        <test-method is-config="true" signature="tearDown()[pri:0, instance:com.orangeHRMFramework.test.HomePageTest@6b00f608]" started-at="2025-05-25T19:37:59 IST" name="tearDown" finished-at="2025-05-25T19:37:59 IST" duration-ms="344" status="PASS">
          <reporter-output>
          </reporter-output>
        </test-method> <!-- tearDown -->
      </class> <!-- com.orangeHRMFramework.test.HomePageTest -->
      <class name="com.orangeHRMFramework.test.LoginPageTest">
        <test-method is-config="true" signature="setup()[pri:0, instance:com.orangeHRMFramework.test.LoginPageTest@3724af13]" started-at="2025-05-25T19:37:59 IST" name="setup" finished-at="2025-05-25T19:38:06 IST" duration-ms="6767" status="PASS">
          <reporter-output>
          </reporter-output>
        </test-method> <!-- setup -->
        <test-method is-config="true" signature="beforeTestMethodLogin()[pri:0, instance:com.orangeHRMFramework.test.LoginPageTest@3724af13]" started-at="2025-05-25T19:38:06 IST" name="beforeTestMethodLogin" finished-at="2025-05-25T19:38:06 IST" duration-ms="7" status="PASS">
          <reporter-output>
          </reporter-output>
        </test-method> <!-- beforeTestMethodLogin -->
        <test-method signature="forgotCancel()[pri:0, instance:com.orangeHRMFramework.test.LoginPageTest@3724af13]" started-at="2025-05-25T19:38:06 IST" name="forgotCancel" finished-at="2025-05-25T19:38:07 IST" duration-ms="1539" status="PASS">
          <reporter-output>
          </reporter-output>
        </test-method> <!-- forgotCancel -->
        <test-method is-config="true" signature="tearDown()[pri:0, instance:com.orangeHRMFramework.test.LoginPageTest@3724af13]" started-at="2025-05-25T19:38:07 IST" name="tearDown" finished-at="2025-05-25T19:38:08 IST" duration-ms="193" status="PASS">
          <reporter-output>
          </reporter-output>
        </test-method> <!-- tearDown -->
        <test-method is-config="true" signature="setup()[pri:0, instance:com.orangeHRMFramework.test.LoginPageTest@3724af13]" started-at="2025-05-25T19:38:08 IST" name="setup" finished-at="2025-05-25T19:38:14 IST" duration-ms="6358" status="PASS">
          <reporter-output>
          </reporter-output>
        </test-method> <!-- setup -->
        <test-method is-config="true" signature="beforeTestMethodLogin()[pri:0, instance:com.orangeHRMFramework.test.LoginPageTest@3724af13]" started-at="2025-05-25T19:38:14 IST" name="beforeTestMethodLogin" finished-at="2025-05-25T19:38:14 IST" duration-ms="4" status="PASS">
          <reporter-output>
          </reporter-output>
        </test-method> <!-- beforeTestMethodLogin -->
        <test-method signature="forgotSuccess()[pri:0, instance:com.orangeHRMFramework.test.LoginPageTest@3724af13]" started-at="2025-05-25T19:38:14 IST" name="forgotSuccess" finished-at="2025-05-25T19:38:17 IST" duration-ms="2884" status="PASS">
          <reporter-output>
          </reporter-output>
        </test-method> <!-- forgotSuccess -->
        <test-method is-config="true" signature="tearDown()[pri:0, instance:com.orangeHRMFramework.test.LoginPageTest@3724af13]" started-at="2025-05-25T19:38:17 IST" name="tearDown" finished-at="2025-05-25T19:38:17 IST" duration-ms="181" status="PASS">
          <reporter-output>
          </reporter-output>
        </test-method> <!-- tearDown -->
        <test-method is-config="true" signature="setup()[pri:0, instance:com.orangeHRMFramework.test.LoginPageTest@3724af13]" started-at="2025-05-25T19:38:17 IST" name="setup" finished-at="2025-05-25T19:38:24 IST" duration-ms="6628" status="PASS">
          <reporter-output>
          </reporter-output>
        </test-method> <!-- setup -->
        <test-method is-config="true" signature="beforeTestMethodLogin()[pri:0, instance:com.orangeHRMFramework.test.LoginPageTest@3724af13]" started-at="2025-05-25T19:38:24 IST" name="beforeTestMethodLogin" finished-at="2025-05-25T19:38:24 IST" duration-ms="2" status="PASS">
          <reporter-output>
          </reporter-output>
        </test-method> <!-- beforeTestMethodLogin -->
        <test-method signature="invalidLoginTest()[pri:0, instance:com.orangeHRMFramework.test.LoginPageTest@3724af13]" started-at="2025-05-25T19:38:24 IST" name="invalidLoginTest" finished-at="2025-05-25T19:38:31 IST" duration-ms="6921" status="PASS">
          <reporter-output>
          </reporter-output>
        </test-method> <!-- invalidLoginTest -->
        <test-method is-config="true" signature="tearDown()[pri:0, instance:com.orangeHRMFramework.test.LoginPageTest@3724af13]" started-at="2025-05-25T19:38:31 IST" name="tearDown" finished-at="2025-05-25T19:38:31 IST" duration-ms="193" status="PASS">
          <reporter-output>
          </reporter-output>
        </test-method> <!-- tearDown -->
        <test-method is-config="true" signature="setup()[pri:0, instance:com.orangeHRMFramework.test.LoginPageTest@3724af13]" started-at="2025-05-25T19:38:31 IST" name="setup" finished-at="2025-05-25T19:38:37 IST" duration-ms="6505" status="PASS">
          <reporter-output>
          </reporter-output>
        </test-method> <!-- setup -->
        <test-method is-config="true" signature="beforeTestMethodLogin()[pri:0, instance:com.orangeHRMFramework.test.LoginPageTest@3724af13]" started-at="2025-05-25T19:38:37 IST" name="beforeTestMethodLogin" finished-at="2025-05-25T19:38:37 IST" duration-ms="2" status="PASS">
          <reporter-output>
          </reporter-output>
        </test-method> <!-- beforeTestMethodLogin -->
        <test-method signature="validLoginTest()[pri:1, instance:com.orangeHRMFramework.test.LoginPageTest@3724af13]" started-at="2025-05-25T19:38:37 IST" name="validLoginTest" finished-at="2025-05-25T19:38:48 IST" duration-ms="10197" status="PASS">
          <reporter-output>
          </reporter-output>
        </test-method> <!-- validLoginTest -->
        <test-method is-config="true" signature="tearDown()[pri:0, instance:com.orangeHRMFramework.test.LoginPageTest@3724af13]" started-at="2025-05-25T19:38:48 IST" name="tearDown" finished-at="2025-05-25T19:38:48 IST" duration-ms="251" status="PASS">
          <reporter-output>
          </reporter-output>
        </test-method> <!-- tearDown -->
      </class> <!-- com.orangeHRMFramework.test.LoginPageTest -->
    </test> <!-- Surefire test -->
  </suite> <!-- Surefire suite -->
</testng-results>
