<?xml version="1.0" encoding="UTF-8"?>
<testsuite xmlns:xsi="http://www.w3.org/2001/XMLSchema-instance" xsi:noNamespaceSchemaLocation="https://maven.apache.org/surefire/maven-surefire-plugin/xsd/surefire-test-report-3.0.xsd" version="3.0" name="TestSuite" time="71.041" tests="5" errors="0" skipped="0" failures="0">
  <properties>
[...]
</properties>
  <testcase name="homepage" classname="com.orangeHRMFramework.test.HomePageTest" time="9.618">
    <system-out><![CDATA[2025-05-25T11:56:30.896260600Z main WARN No Root logger was configured, creating default ERROR-level Root logger with Console appender
2025-05-25 17:26:31 [main] INFO  BaseClass - config.properties file loaded
Setting the WebDriver for : HomePageTest
2025-05-25 17:26:32 [main] INFO  BaseClass - ChromeDriver initiated is created
2025-05-25 17:26:39 [main] INFO  BaseClass - WebDriver initialozed and browser maximized
2025-05-25 17:26:39 [main] TRACE BaseClass - This is a Trace Message
2025-05-25 17:26:39 [main] ERROR BaseClass - This is a Error Message
2025-05-25 17:26:39 [main] DEBUG BaseClass - This is a Debug Message
2025-05-25 17:26:39 [main] FATAL BaseClass - This is a Fatal Message
2025-05-25 17:26:39 [main] WARN  BaseClass - This is a Warn Message
2025-05-25 17:26:39 [main] INFO  ActionDriver - WebDriver instance is created
2025-05-25 17:26:39 [main] INFO  BaseClass - ActionDrive initialized for current thread :1
2025-05-25 17:26:39 [main] ERROR ActionDriver - Element is not visible :- class jdk.proxy2.$Proxy25 cannot be cast to class org.openqa.selenium.By (jdk.proxy2.$Proxy25 is in module jdk.proxy2 of loader 'app'; org.openqa.selenium.By is in unnamed module of loader 'app')
2025-05-25 17:26:39 [main] INFO  ActionDriver - Entered text :Admin
2025-05-25 17:26:39 [main] INFO  ActionDriver - Entered text :admin123
2025-05-25 17:26:41 [main] INFO  ActionDriver - Clicked an element
2025-05-25 17:26:41 [main] ERROR ActionDriver - Element is not visible :- class jdk.proxy2.$Proxy25 cannot be cast to class org.openqa.selenium.By (jdk.proxy2.$Proxy25 is in module jdk.proxy2 of loader 'app'; org.openqa.selenium.By is in unnamed module of loader 'app')
2025-05-25 17:26:41 [main] ERROR ActionDriver - Element is not visible :- class jdk.proxy2.$Proxy25 cannot be cast to class org.openqa.selenium.By (jdk.proxy2.$Proxy25 is in module jdk.proxy2 of loader 'app'; org.openqa.selenium.By is in unnamed module of loader 'app')
2025-05-25 17:26:41 [main] INFO  ActionDriver - Clicked an element
2025-05-25 17:26:44 [main] INFO  ActionDriver - Clicked an element
]]></system-out>
    <system-err><![CDATA[SLF4J: Failed to load class "org.slf4j.impl.StaticLoggerBinder".
SLF4J: Defaulting to no-operation (NOP) logger implementation
SLF4J: See http://www.slf4j.org/codes.html#StaticLoggerBinder for further details.
May 25, 2025 5:26:32 PM org.openqa.selenium.devtools.CdpVersionFinder findNearestMatch
WARNING: Unable to find an exact match for CDP version 136, returning the closest version; found: 132; Please update to a Selenium version that supports CDP version 136
C:\Users\acer\eclipse-workspace\orangeHRMFramework/src/main/resources/ExtentReport/ExtentReports.html
]]></system-err>
  </testcase>
  <testcase name="forgotCancel" classname="com.orangeHRMFramework.test.LoginPageTest" time="1.533">
    <system-out><![CDATA[2025-05-25 17:26:49 [main] INFO  BaseClass - ActionDriver instance is closed
2025-05-25 17:26:49 [main] INFO  BaseClass - WebDriver instance is closed
Setting the WebDriver for : LoginPageTest
2025-05-25 17:26:50 [main] INFO  BaseClass - ChromeDriver initiated is created
2025-05-25 17:26:57 [main] INFO  BaseClass - WebDriver initialozed and browser maximized
2025-05-25 17:26:57 [main] TRACE BaseClass - This is a Trace Message
2025-05-25 17:26:57 [main] ERROR BaseClass - This is a Error Message
2025-05-25 17:26:57 [main] DEBUG BaseClass - This is a Debug Message
2025-05-25 17:26:57 [main] FATAL BaseClass - This is a Fatal Message
2025-05-25 17:26:57 [main] WARN  BaseClass - This is a Warn Message
2025-05-25 17:26:57 [main] INFO  ActionDriver - WebDriver instance is created
2025-05-25 17:26:57 [main] INFO  BaseClass - ActionDrive initialized for current thread :1
2025-05-25 17:26:57 [main] INFO  ActionDriver - Clicked an element
2025-05-25 17:26:57 [main] INFO  ActionDriver - Entered text :Admin
2025-05-25 17:26:58 [main] INFO  ActionDriver - Clicked an element
2025-05-25 17:26:58 [main] INFO  ActionDriver - Assert Passed
]]></system-out>
    <system-err><![CDATA[May 25, 2025 5:26:50 PM org.openqa.selenium.devtools.CdpVersionFinder findNearestMatch
WARNING: Unable to find an exact match for CDP version 136, returning the closest version; found: 132; Please update to a Selenium version that supports CDP version 136
]]></system-err>
  </testcase>
  <testcase name="forgotSuccess" classname="com.orangeHRMFramework.test.LoginPageTest" time="2.345">
    <system-out><![CDATA[2025-05-25 17:26:58 [main] INFO  BaseClass - ActionDriver instance is closed
2025-05-25 17:26:58 [main] INFO  BaseClass - WebDriver instance is closed
Setting the WebDriver for : LoginPageTest
2025-05-25 17:26:59 [main] INFO  BaseClass - ChromeDriver initiated is created
2025-05-25 17:27:05 [main] INFO  BaseClass - WebDriver initialozed and browser maximized
2025-05-25 17:27:05 [main] TRACE BaseClass - This is a Trace Message
2025-05-25 17:27:05 [main] ERROR BaseClass - This is a Error Message
2025-05-25 17:27:05 [main] DEBUG BaseClass - This is a Debug Message
2025-05-25 17:27:05 [main] FATAL BaseClass - This is a Fatal Message
2025-05-25 17:27:05 [main] WARN  BaseClass - This is a Warn Message
2025-05-25 17:27:05 [main] INFO  ActionDriver - WebDriver instance is created
2025-05-25 17:27:05 [main] INFO  BaseClass - ActionDrive initialized for current thread :1
2025-05-25 17:27:05 [main] INFO  ActionDriver - Clicked an element
2025-05-25 17:27:05 [main] INFO  ActionDriver - Entered text :Admin
2025-05-25 17:27:06 [main] INFO  ActionDriver - Clicked an element
2025-05-25 17:27:06 [main] ERROR ActionDriver - Element is not visible :- class jdk.proxy2.$Proxy25 cannot be cast to class org.openqa.selenium.By (jdk.proxy2.$Proxy25 is in module jdk.proxy2 of loader 'app'; org.openqa.selenium.By is in unnamed module of loader 'app')
<--Reset Password link sent successfully-->
]]></system-out>
    <system-err><![CDATA[May 25, 2025 5:26:59 PM org.openqa.selenium.devtools.CdpVersionFinder findNearestMatch
WARNING: Unable to find an exact match for CDP version 136, returning the closest version; found: 132; Please update to a Selenium version that supports CDP version 136
]]></system-err>
  </testcase>
  <testcase name="invalidLoginTest" classname="com.orangeHRMFramework.test.LoginPageTest" time="7.034">
    <system-out><![CDATA[2025-05-25 17:27:07 [main] INFO  BaseClass - ActionDriver instance is closed
2025-05-25 17:27:07 [main] INFO  BaseClass - WebDriver instance is closed
Setting the WebDriver for : LoginPageTest
2025-05-25 17:27:08 [main] INFO  BaseClass - ChromeDriver initiated is created
2025-05-25 17:27:13 [main] INFO  BaseClass - WebDriver initialozed and browser maximized
2025-05-25 17:27:13 [main] TRACE BaseClass - This is a Trace Message
2025-05-25 17:27:13 [main] ERROR BaseClass - This is a Error Message
2025-05-25 17:27:13 [main] DEBUG BaseClass - This is a Debug Message
2025-05-25 17:27:13 [main] FATAL BaseClass - This is a Fatal Message
2025-05-25 17:27:13 [main] WARN  BaseClass - This is a Warn Message
2025-05-25 17:27:13 [main] INFO  ActionDriver - WebDriver instance is created
2025-05-25 17:27:13 [main] INFO  BaseClass - ActionDrive initialized for current thread :1
2025-05-25 17:27:13 [main] ERROR ActionDriver - Element is not visible :- class jdk.proxy2.$Proxy25 cannot be cast to class org.openqa.selenium.By (jdk.proxy2.$Proxy25 is in module jdk.proxy2 of loader 'app'; org.openqa.selenium.By is in unnamed module of loader 'app')
2025-05-25 17:27:13 [main] INFO  ActionDriver - Entered text :Holi
2025-05-25 17:27:13 [main] INFO  ActionDriver - Entered text :admin123
2025-05-25 17:27:15 [main] INFO  ActionDriver - Clicked an element
2025-05-25 17:27:15 [main] ERROR ActionDriver - Element is not visible :- class jdk.proxy2.$Proxy25 cannot be cast to class org.openqa.selenium.By (jdk.proxy2.$Proxy25 is in module jdk.proxy2 of loader 'app'; org.openqa.selenium.By is in unnamed module of loader 'app')
2025-05-25 17:27:15 [main] ERROR ActionDriver - Element is not visible :- class jdk.proxy2.$Proxy25 cannot be cast to class org.openqa.selenium.By (jdk.proxy2.$Proxy25 is in module jdk.proxy2 of loader 'app'; org.openqa.selenium.By is in unnamed module of loader 'app')
2025-05-25 17:27:15 [main] ERROR ActionDriver - Element is not visible :- class jdk.proxy2.$Proxy25 cannot be cast to class org.openqa.selenium.By (jdk.proxy2.$Proxy25 is in module jdk.proxy2 of loader 'app'; org.openqa.selenium.By is in unnamed module of loader 'app')
2025-05-25 17:27:15 [main] ERROR ActionDriver - Element is not visible :- class jdk.proxy2.$Proxy25 cannot be cast to class org.openqa.selenium.By (jdk.proxy2.$Proxy25 is in module jdk.proxy2 of loader 'app'; org.openqa.selenium.By is in unnamed module of loader 'app')
2025-05-25 17:27:15 [main] INFO  ActionDriver - Texts are matching : Invalid credentials equals Invalid credentials
]]></system-out>
    <system-err><![CDATA[May 25, 2025 5:27:08 PM org.openqa.selenium.devtools.CdpVersionFinder findNearestMatch
WARNING: Unable to find an exact match for CDP version 136, returning the closest version; found: 132; Please update to a Selenium version that supports CDP version 136
C:\Users\acer\eclipse-workspace\orangeHRMFramework/src/main/resources/screenshots/Screenshots_Homepage Test_2025-05-25_17-27-15.png
]]></system-err>
  </testcase>
  <testcase name="validLoginTest" classname="com.orangeHRMFramework.test.LoginPageTest" time="12.915">
    <system-out><![CDATA[2025-05-25 17:27:21 [main] INFO  BaseClass - ActionDriver instance is closed
2025-05-25 17:27:21 [main] INFO  BaseClass - WebDriver instance is closed
Setting the WebDriver for : LoginPageTest
2025-05-25 17:27:22 [main] INFO  BaseClass - ChromeDriver initiated is created
2025-05-25 17:27:27 [main] INFO  BaseClass - WebDriver initialozed and browser maximized
2025-05-25 17:27:27 [main] TRACE BaseClass - This is a Trace Message
2025-05-25 17:27:27 [main] ERROR BaseClass - This is a Error Message
2025-05-25 17:27:27 [main] DEBUG BaseClass - This is a Debug Message
2025-05-25 17:27:27 [main] FATAL BaseClass - This is a Fatal Message
2025-05-25 17:27:27 [main] WARN  BaseClass - This is a Warn Message
2025-05-25 17:27:27 [main] INFO  ActionDriver - WebDriver instance is created
2025-05-25 17:27:27 [main] INFO  BaseClass - ActionDrive initialized for current thread :1
2025-05-25 17:27:27 [main] ERROR ActionDriver - Element is not visible :- class jdk.proxy2.$Proxy25 cannot be cast to class org.openqa.selenium.By (jdk.proxy2.$Proxy25 is in module jdk.proxy2 of loader 'app'; org.openqa.selenium.By is in unnamed module of loader 'app')
2025-05-25 17:27:27 [main] INFO  ActionDriver - Entered text :Admin
2025-05-25 17:27:27 [main] INFO  ActionDriver - Entered text :admin123
2025-05-25 17:27:28 [main] INFO  ActionDriver - Clicked an element
2025-05-25 17:27:32 [main] INFO  ActionDriver - Clicked an element
2025-05-25 17:27:35 [main] INFO  ActionDriver - Clicked an element
]]></system-out>
    <system-err><![CDATA[May 25, 2025 5:27:22 PM org.openqa.selenium.devtools.CdpVersionFinder findNearestMatch
WARNING: Unable to find an exact match for CDP version 136, returning the closest version; found: 132; Please update to a Selenium version that supports CDP version 136
]]></system-err>
  </testcase>
</testsuite>