<?xml version="1.0" encoding="UTF-8"?>
<testng-results ignored="2" total="7" passed="5" failed="0" skipped="0">
  <reporter-output>
  </reporter-output>
  <suite started-at="2025-05-25T15:32:01 IST" name="OrangeHRMSuite" finished-at="2025-05-25T15:33:08 IST" duration-ms="67062">
    <groups>
    </groups>
    <test started-at="2025-05-25T15:32:01 IST" name="OrangeHRMTest" finished-at="2025-05-25T15:33:08 IST" duration-ms="67062">
      <class name="com.orangeHRMFramework.test.HomePageTest">
        <test-method is-config="true" signature="setup()[pri:0, instance:com.orangeHRMFramework.test.HomePageTest@5ee2b6f9]" started-at="2025-05-25T15:32:02 IST" name="setup" finished-at="2025-05-25T15:32:13 IST" duration-ms="11360" status="PASS">
          <reporter-output>
          </reporter-output>
        </test-method> <!-- setup -->
        <test-method is-config="true" signature="beforeTestMethodHome()[pri:0, instance:com.orangeHRMFramework.test.HomePageTest@5ee2b6f9]" started-at="2025-05-25T15:32:13 IST" name="beforeTestMethodHome" finished-at="2025-05-25T15:32:13 IST" duration-ms="2" status="PASS">
          <reporter-output>
          </reporter-output>
        </test-method> <!-- beforeTestMethodHome -->
        <test-method signature="homepage()[pri:0, instance:com.orangeHRMFramework.test.HomePageTest@5ee2b6f9]" started-at="2025-05-25T15:32:13 IST" name="homepage" finished-at="2025-05-25T15:32:30 IST" duration-ms="16294" status="PASS">
          <reporter-output>
          </reporter-output>
        </test-method> <!-- homepage -->
        <test-method is-config="true" signature="tearDown()[pri:0, instance:com.orangeHRMFramework.test.HomePageTest@5ee2b6f9]" started-at="2025-05-25T15:32:30 IST" name="tearDown" finished-at="2025-05-25T15:32:30 IST" duration-ms="604" status="PASS">
          <reporter-output>
          </reporter-output>
        </test-method> <!-- tearDown -->
      </class> <!-- com.orangeHRMFramework.test.HomePageTest -->
      <class name="com.orangeHRMFramework.test.LoginPageTest">
        <test-method is-config="true" signature="loadConfig()[pri:0, instance:com.orangeHRMFramework.test.LoginPageTest@555cf22]" started-at="2025-05-25T15:32:01 IST" name="loadConfig" finished-at="2025-05-25T15:32:01 IST" duration-ms="37" status="PASS">
          <reporter-output>
          </reporter-output>
        </test-method> <!-- loadConfig -->
        <test-method is-config="true" signature="setup()[pri:0, instance:com.orangeHRMFramework.test.LoginPageTest@555cf22]" started-at="2025-05-25T15:32:02 IST" name="setup" finished-at="2025-05-25T15:32:13 IST" duration-ms="11087" status="PASS">
          <reporter-output>
          </reporter-output>
        </test-method> <!-- setup -->
        <test-method is-config="true" signature="beforeTestMethodLogin()[pri:0, instance:com.orangeHRMFramework.test.LoginPageTest@555cf22]" started-at="2025-05-25T15:32:13 IST" name="beforeTestMethodLogin" finished-at="2025-05-25T15:32:13 IST" duration-ms="25" status="PASS">
          <reporter-output>
          </reporter-output>
        </test-method> <!-- beforeTestMethodLogin -->
        <test-method signature="forgotCancel()[pri:0, instance:com.orangeHRMFramework.test.LoginPageTest@555cf22]" started-at="2025-05-25T15:32:13 IST" name="forgotCancel" finished-at="2025-05-25T15:32:18 IST" duration-ms="4611" status="PASS">
          <reporter-output>
          </reporter-output>
        </test-method> <!-- forgotCancel -->
        <test-method is-config="true" signature="tearDown()[pri:0, instance:com.orangeHRMFramework.test.LoginPageTest@555cf22]" started-at="2025-05-25T15:32:18 IST" name="tearDown" finished-at="2025-05-25T15:32:18 IST" duration-ms="373" status="PASS">
          <reporter-output>
          </reporter-output>
        </test-method> <!-- tearDown -->
        <test-method is-config="true" signature="setup()[pri:0, instance:com.orangeHRMFramework.test.LoginPageTest@555cf22]" started-at="2025-05-25T15:32:18 IST" name="setup" finished-at="2025-05-25T15:32:26 IST" duration-ms="7658" status="PASS">
          <reporter-output>
          </reporter-output>
        </test-method> <!-- setup -->
        <test-method is-config="true" signature="beforeTestMethodLogin()[pri:0, instance:com.orangeHRMFramework.test.LoginPageTest@555cf22]" started-at="2025-05-25T15:32:26 IST" name="beforeTestMethodLogin" finished-at="2025-05-25T15:32:26 IST" duration-ms="1" status="PASS">
          <reporter-output>
          </reporter-output>
        </test-method> <!-- beforeTestMethodLogin -->
        <test-method signature="forgotSuccess()[pri:0, instance:com.orangeHRMFramework.test.LoginPageTest@555cf22]" started-at="2025-05-25T15:32:26 IST" name="forgotSuccess" finished-at="2025-05-25T15:32:34 IST" duration-ms="7659" status="PASS">
          <reporter-output>
          </reporter-output>
        </test-method> <!-- forgotSuccess -->
        <test-method is-config="true" signature="tearDown()[pri:0, instance:com.orangeHRMFramework.test.LoginPageTest@555cf22]" started-at="2025-05-25T15:32:34 IST" name="tearDown" finished-at="2025-05-25T15:32:34 IST" duration-ms="210" status="PASS">
          <reporter-output>
          </reporter-output>
        </test-method> <!-- tearDown -->
        <test-method is-config="true" signature="setup()[pri:0, instance:com.orangeHRMFramework.test.LoginPageTest@555cf22]" started-at="2025-05-25T15:32:34 IST" name="setup" finished-at="2025-05-25T15:32:43 IST" duration-ms="8657" status="PASS">
          <reporter-output>
          </reporter-output>
        </test-method> <!-- setup -->
        <test-method is-config="true" signature="beforeTestMethodLogin()[pri:0, instance:com.orangeHRMFramework.test.LoginPageTest@555cf22]" started-at="2025-05-25T15:32:43 IST" name="beforeTestMethodLogin" finished-at="2025-05-25T15:32:43 IST" duration-ms="3" status="PASS">
          <reporter-output>
          </reporter-output>
        </test-method> <!-- beforeTestMethodLogin -->
        <test-method signature="invalidLoginTest()[pri:0, instance:com.orangeHRMFramework.test.LoginPageTest@555cf22]" started-at="2025-05-25T15:32:43 IST" name="invalidLoginTest" finished-at="2025-05-25T15:32:50 IST" duration-ms="7262" status="PASS">
          <reporter-output>
          </reporter-output>
        </test-method> <!-- invalidLoginTest -->
        <test-method is-config="true" signature="tearDown()[pri:0, instance:com.orangeHRMFramework.test.LoginPageTest@555cf22]" started-at="2025-05-25T15:32:50 IST" name="tearDown" finished-at="2025-05-25T15:32:50 IST" duration-ms="222" status="PASS">
          <reporter-output>
          </reporter-output>
        </test-method> <!-- tearDown -->
        <test-method is-config="true" signature="setup()[pri:0, instance:com.orangeHRMFramework.test.LoginPageTest@555cf22]" started-at="2025-05-25T15:32:50 IST" name="setup" finished-at="2025-05-25T15:32:57 IST" duration-ms="6696" status="PASS">
          <reporter-output>
          </reporter-output>
        </test-method> <!-- setup -->
        <test-method is-config="true" signature="beforeTestMethodLogin()[pri:0, instance:com.orangeHRMFramework.test.LoginPageTest@555cf22]" started-at="2025-05-25T15:32:57 IST" name="beforeTestMethodLogin" finished-at="2025-05-25T15:32:57 IST" duration-ms="1" status="PASS">
          <reporter-output>
          </reporter-output>
        </test-method> <!-- beforeTestMethodLogin -->
        <test-method signature="validLoginTest()[pri:1, instance:com.orangeHRMFramework.test.LoginPageTest@555cf22]" started-at="2025-05-25T15:32:57 IST" name="validLoginTest" finished-at="2025-05-25T15:33:08 IST" duration-ms="11036" status="PASS">
          <reporter-output>
          </reporter-output>
        </test-method> <!-- validLoginTest -->
        <test-method is-config="true" signature="tearDown()[pri:0, instance:com.orangeHRMFramework.test.LoginPageTest@555cf22]" started-at="2025-05-25T15:33:08 IST" name="tearDown" finished-at="2025-05-25T15:33:08 IST" duration-ms="232" status="PASS">
          <reporter-output>
          </reporter-output>
        </test-method> <!-- tearDown -->
      </class> <!-- com.orangeHRMFramework.test.LoginPageTest -->
    </test> <!-- OrangeHRMTest -->
  </suite> <!-- OrangeHRMSuite -->
</testng-results>
