<?xml version="1.0" encoding="UTF-8"?>
<!-- Generated by org.testng.reporters.JUnitReportReporter -->
<testsuite hostname="DESKTOP-62GSMIM" failures="0" tests="5" name="com.orangeHRMFramework.test.LoginPageTest" time="51.229" errors="0" timestamp="2025-05-25T17:29:47 IST" skipped="1">
  <testcase classname="com.orangeHRMFramework.test.LoginPageTest" name="forgotCancel" time="8.313"/>
  <system-out/>
  <testcase classname="com.orangeHRMFramework.test.LoginPageTest" name="invalidLoginTest" time="16.428"/>
  <system-out/>
  <testcase classname="com.orangeHRMFramework.test.LoginPageTest" name="forgotSuccess" time="9.792"/>
  <system-out/>
  <testcase classname="com.orangeHRMFramework.test.LoginPageTest" name="validLoginTest" time="16.696"/>
  <system-out/>
  <testcase classname="com.orangeHRMFramework.test.LoginPageTest" name="homePageTest">
    <skipped/>
  </testcase> <!-- homePageTest -->
  <system-out/>
</testsuite> <!-- com.orangeHRMFramework.test.LoginPageTest -->
