<?xml version="1.0" encoding="UTF-8"?>
<!-- Generated by org.testng.reporters.JUnitReportReporter -->
<testsuite hostname="DESKTOP-62GSMIM" failures="0" tests="5" name="com.orangeHRMFramework.test.LoginPageTest" time="55.503" errors="0" timestamp="2025-05-25T19:35:39 IST" skipped="1">
  <testcase classname="com.orangeHRMFramework.test.LoginPageTest" name="forgotCancel" time="12.586"/>
  <system-out/>
  <testcase classname="com.orangeHRMFramework.test.LoginPageTest" name="invalidLoginTest" time="13.548"/>
  <system-out/>
  <testcase classname="com.orangeHRMFramework.test.LoginPageTest" name="forgotSuccess" time="10.732"/>
  <system-out/>
  <testcase classname="com.orangeHRMFramework.test.LoginPageTest" name="validLoginTest" time="18.637"/>
  <system-out/>
  <testcase classname="com.orangeHRMFramework.test.LoginPageTest" name="homePageTest">
    <skipped/>
  </testcase> <!-- homePageTest -->
  <system-out/>
</testsuite> <!-- com.orangeHRMFramework.test.LoginPageTest -->
