<?xml version="1.0" encoding="UTF-8"?>
<!-- Generated by org.testng.reporters.JUnitReportReporter -->
<testsuite hostname="DESKTOP-62GSMIM" failures="0" tests="5" name="com.orangeHRMFramework.test.LoginPageTest" time="51.543" errors="0" timestamp="2025-05-25T17:27:40 IST" skipped="1">
  <testcase classname="com.orangeHRMFramework.test.LoginPageTest" name="forgotCancel" time="7.924"/>
  <testcase classname="com.orangeHRMFramework.test.LoginPageTest" name="invalidLoginTest" time="13.908"/>
  <testcase classname="com.orangeHRMFramework.test.LoginPageTest" name="forgotSuccess" time="10.268"/>
  <testcase classname="com.orangeHRMFramework.test.LoginPageTest" name="validLoginTest" time="19.443"/>
  <testcase classname="com.orangeHRMFramework.test.LoginPageTest" name="homePageTest">
    <skipped/>
  </testcase> <!-- homePageTest -->
</testsuite> <!-- com.orangeHRMFramework.test.LoginPageTest -->
