<?xml version="1.0" encoding="UTF-8"?>
<!-- Generated by org.testng.reporters.JUnitReportReporter -->
<testsuite hostname="DESKTOP-62GSMIM" failures="0" tests="5" name="com.orangeHRMFramework.test.LoginPageTest" time="48.632" errors="0" timestamp="2025-05-25T19:38:48 IST" skipped="1">
  <testcase classname="com.orangeHRMFramework.test.LoginPageTest" name="forgotSuccess" time="9.709"/>
  <testcase classname="com.orangeHRMFramework.test.LoginPageTest" name="forgotCancel" time="8.150"/>
  <testcase classname="com.orangeHRMFramework.test.LoginPageTest" name="invalidLoginTest" time="13.614"/>
  <testcase classname="com.orangeHRMFramework.test.LoginPageTest" name="validLoginTest" time="17.159"/>
  <testcase classname="com.orangeHRMFramework.test.LoginPageTest" name="homePageTest">
    <skipped/>
  </testcase> <!-- homePageTest -->
</testsuite> <!-- com.orangeHRMFramework.test.LoginPageTest -->
